2022-12-19 08:30:57.673024: I tensorflow/core/platform/cpu_feature_guard.cc:193] This TensorFlow binary is optimized with oneAPI Deep Neural Network Library (oneDNN) to use the following CPU instructions in performance-critical operations:  AVX2 FMA
To enable them in other operations, rebuild TensorFlow with the appropriate compiler flags.
2022-12-19 08:30:57.871195: W tensorflow/stream_executor/platform/default/dso_loader.cc:64] Could not load dynamic library 'libcudart.so.11.0'; dlerror: libcudart.so.11.0: cannot open shared object file: No such file or directory; LD_LIBRARY_PATH: /usr/local/cuda/lib64:/usr/local/nccl2/lib:/usr/local/cuda/extras/CUPTI/lib64:/usr/local/cuda/lib64:/usr/local/nccl2/lib:/usr/local/cuda/extras/CUPTI/lib64
2022-12-19 08:30:57.871262: I tensorflow/stream_executor/cuda/cudart_stub.cc:29] Ignore above cudart dlerror if you do not have a GPU set up on your machine.
2022-12-19 08:30:57.904294: E tensorflow/stream_executor/cuda/cuda_blas.cc:2981] Unable to register cuBLAS factory: Attempting to register factory for plugin cuBLAS when one has already been registered
2022-12-19 08:30:58.900311: W tensorflow/stream_executor/platform/default/dso_loader.cc:64] Could not load dynamic library 'libnvinfer.so.7'; dlerror: libnvinfer.so.7: cannot open shared object file: No such file or directory; LD_LIBRARY_PATH: /usr/local/cuda/lib64:/usr/local/nccl2/lib:/usr/local/cuda/extras/CUPTI/lib64:/usr/local/cuda/lib64:/usr/local/nccl2/lib:/usr/local/cuda/extras/CUPTI/lib64
2022-12-19 08:30:58.900438: W tensorflow/stream_executor/platform/default/dso_loader.cc:64] Could not load dynamic library 'libnvinfer_plugin.so.7'; dlerror: libnvinfer_plugin.so.7: cannot open shared object file: No such file or directory; LD_LIBRARY_PATH: /usr/local/cuda/lib64:/usr/local/nccl2/lib:/usr/local/cuda/extras/CUPTI/lib64:/usr/local/cuda/lib64:/usr/local/nccl2/lib:/usr/local/cuda/extras/CUPTI/lib64
2022-12-19 08:30:58.900453: W tensorflow/compiler/tf2tensorrt/utils/py_utils.cc:38] TF-TRT Warning: Cannot dlopen some TensorRT libraries. If you would like to use Nvidia GPU with TensorRT, please make sure the missing libraries mentioned above are installed properly.
['--output_dir', 'm2m100_small_fr_sba', '--model_name_or_path', 'facebook/m2m100_418M', '--train_file', '/home/jupyter/Ngambay-French-Neural-Machine-Translation-sba_fr_v1-/Dataset/sba_fr_JSON/sba_fr_train_synthetic.json', '--validation_file', '/home/jupyter/Ngambay-French-Neural-Machine-Translation-sba_fr_v1-/Dataset/sba_fr_JSON/sba_fr_val_synthetic.json', '--test_file', '/home/jupyter/Ngambay-French-Neural-Machine-Translation-sba_fr_v1-/Dataset/sba_fr_JSON/sba_fr_test_synthetic.json', '--source_lang', 'fr', '--target_lang', 'sw', '--max_source_length', '128', '--max_target_length', '128', '--num_train_epochs', '60', '--per_device_train_batch_size', '5', '--per_device_eval_batch_size', '5', '--num_beams', '5', '--save_steps', '10000', '--seed', '65', '--evaluation_strategy', 'steps', '--load_best_model_at_end', 'True', '--eval_steps', '50', '--metric_for_best_model', 'bleu', '--do_train', 'True', '--do_eval', 'True', '--do_predict', 'True', '--predict_with_generate', 'True', '--overwrite_output_dir', 'True', '--forced_bos_token', 'sw']
12/19/2022 08:31:01 - WARNING - training - Process rank: -1, device: cuda:0, n_gpu: 2distributed training: False, 16-bits training: False
12/19/2022 08:31:01 - INFO - training - Training/evaluation parameters Seq2SeqTrainingArguments(
_n_gpu=2,
adafactor=False,
adam_beta1=0.9,
adam_beta2=0.999,
adam_epsilon=1e-08,
auto_find_batch_size=False,
bf16=False,
bf16_full_eval=False,
data_seed=None,
dataloader_drop_last=False,
dataloader_num_workers=0,
dataloader_pin_memory=True,
ddp_bucket_cap_mb=None,
ddp_find_unused_parameters=None,
ddp_timeout=1800,
debug=[],
deepspeed=None,
disable_tqdm=False,
do_eval=True,
do_predict=True,
do_train=True,
eval_accumulation_steps=None,
eval_delay=0,
eval_steps=50,
evaluation_strategy=steps,
fp16=False,
fp16_backend=auto,
fp16_full_eval=False,
fp16_opt_level=O1,
fsdp=[],
fsdp_min_num_params=0,
fsdp_transformer_layer_cls_to_wrap=None,
full_determinism=False,
generation_max_length=None,
generation_num_beams=None,
gradient_accumulation_steps=1,
gradient_checkpointing=False,
greater_is_better=True,
group_by_length=False,
half_precision_backend=auto,
hub_model_id=None,
hub_private_repo=False,
hub_strategy=every_save,
hub_token=<HUB_TOKEN>,
ignore_data_skip=False,
include_inputs_for_metrics=False,
jit_mode_eval=False,
label_names=None,
label_smoothing_factor=0.0,
learning_rate=5e-05,
length_column_name=length,
load_best_model_at_end=True,
local_rank=-1,
log_level=passive,
log_level_replica=passive,
log_on_each_node=True,
logging_dir=m2m100_small_fr_sba/runs/Dec19_08-31-00_sba-fr-mt,
logging_first_step=False,
logging_nan_inf_filter=True,
logging_steps=500,
logging_strategy=steps,
lr_scheduler_type=linear,
max_grad_norm=1.0,
max_steps=-1,
metric_for_best_model=bleu,
mp_parameters=,
no_cuda=False,
num_train_epochs=60.0,
optim=adamw_hf,
output_dir=m2m100_small_fr_sba,
overwrite_output_dir=True,
past_index=-1,
per_device_eval_batch_size=5,
per_device_train_batch_size=5,
predict_with_generate=True,
prediction_loss_only=False,
push_to_hub=False,
push_to_hub_model_id=None,
push_to_hub_organization=None,
push_to_hub_token=<PUSH_TO_HUB_TOKEN>,
ray_scope=last,
remove_unused_columns=True,
report_to=['tensorboard'],
resume_from_checkpoint=None,
run_name=m2m100_small_fr_sba,
save_on_each_node=False,
save_steps=10000,
save_strategy=steps,
save_total_limit=None,
seed=65,
sharded_ddp=[],
skip_memory_metrics=True,
sortish_sampler=False,
tf32=None,
torchdynamo=None,
tpu_metrics_debug=False,
tpu_num_cores=None,
use_ipex=False,
use_legacy_prediction_loop=False,
use_mps_device=False,
warmup_ratio=0.0,
warmup_steps=0,
weight_decay=0.0,
xpu_backend=None,
)
12/19/2022 08:31:02 - WARNING - datasets.builder - Using custom data configuration default-958e62f8352e660a
12/19/2022 08:31:02 - INFO - datasets.info - Loading Dataset Infos from /opt/conda/lib/python3.7/site-packages/datasets/packaged_modules/json
12/19/2022 08:31:02 - INFO - datasets.builder - Overwrite dataset info from restored data version.
12/19/2022 08:31:02 - INFO - datasets.info - Loading Dataset info from /home/jupyter/.cache/huggingface/datasets/json/default-958e62f8352e660a/0.0.0/e6070c77f18f01a5ad4551a8b7edfba20b8438b7cad4d94e6ad9378022ce4aab
12/19/2022 08:31:02 - WARNING - datasets.builder - Found cached dataset json (/home/jupyter/.cache/huggingface/datasets/json/default-958e62f8352e660a/0.0.0/e6070c77f18f01a5ad4551a8b7edfba20b8438b7cad4d94e6ad9378022ce4aab)
12/19/2022 08:31:02 - INFO - datasets.info - Loading Dataset info from /home/jupyter/.cache/huggingface/datasets/json/default-958e62f8352e660a/0.0.0/e6070c77f18f01a5ad4551a8b7edfba20b8438b7cad4d94e6ad9378022ce4aab
  0%|                                                                                                                         | 0/3 [00:00<?, ?it/s]100%|████████████████████████████████████████████████████████████████████████████████████████████████████████████████| 3/3 [00:00<00:00, 833.53it/s]
[INFO|configuration_utils.py:653] 2022-12-19 08:31:02,411 >> loading configuration file config.json from cache at /home/jupyter/.cache/huggingface/hub/models--facebook--m2m100_418M/snapshots/441fd5182f1298d7e39f34013ac0b905f8ff4429/config.json
[INFO|configuration_utils.py:705] 2022-12-19 08:31:02,412 >> Model config M2M100Config {
  "_name_or_path": "facebook/m2m100_418M",
  "activation_dropout": 0.0,
  "activation_function": "relu",
  "architectures": [
    "M2M100ForConditionalGeneration"
  ],
  "attention_dropout": 0.1,
  "bos_token_id": 0,
  "d_model": 1024,
  "decoder_attention_heads": 16,
  "decoder_ffn_dim": 4096,
  "decoder_layerdrop": 0.05,
  "decoder_layers": 12,
  "decoder_start_token_id": 2,
  "dropout": 0.1,
  "early_stopping": true,
  "encoder_attention_heads": 16,
  "encoder_ffn_dim": 4096,
  "encoder_layerdrop": 0.05,
  "encoder_layers": 12,
  "eos_token_id": 2,
  "gradient_checkpointing": false,
  "init_std": 0.02,
  "is_encoder_decoder": true,
  "max_length": 200,
  "max_position_embeddings": 1024,
  "model_type": "m2m_100",
  "num_beams": 5,
  "num_hidden_layers": 12,
  "pad_token_id": 1,
  "scale_embedding": true,
  "transformers_version": "4.23.1",
  "use_cache": true,
  "vocab_size": 128112
}

[INFO|configuration_utils.py:653] 2022-12-19 08:31:02,693 >> loading configuration file config.json from cache at /home/jupyter/.cache/huggingface/hub/models--facebook--m2m100_418M/snapshots/441fd5182f1298d7e39f34013ac0b905f8ff4429/config.json
[INFO|configuration_utils.py:705] 2022-12-19 08:31:02,693 >> Model config M2M100Config {
  "_name_or_path": "facebook/m2m100_418M",
  "activation_dropout": 0.0,
  "activation_function": "relu",
  "architectures": [
    "M2M100ForConditionalGeneration"
  ],
  "attention_dropout": 0.1,
  "bos_token_id": 0,
  "d_model": 1024,
  "decoder_attention_heads": 16,
  "decoder_ffn_dim": 4096,
  "decoder_layerdrop": 0.05,
  "decoder_layers": 12,
  "decoder_start_token_id": 2,
  "dropout": 0.1,
  "early_stopping": true,
  "encoder_attention_heads": 16,
  "encoder_ffn_dim": 4096,
  "encoder_layerdrop": 0.05,
  "encoder_layers": 12,
  "eos_token_id": 2,
  "gradient_checkpointing": false,
  "init_std": 0.02,
  "is_encoder_decoder": true,
  "max_length": 200,
  "max_position_embeddings": 1024,
  "model_type": "m2m_100",
  "num_beams": 5,
  "num_hidden_layers": 12,
  "pad_token_id": 1,
  "scale_embedding": true,
  "transformers_version": "4.23.1",
  "use_cache": true,
  "vocab_size": 128112
}

[INFO|tokenization_utils_base.py:1773] 2022-12-19 08:31:02,694 >> loading file vocab.json from cache at /home/jupyter/.cache/huggingface/hub/models--facebook--m2m100_418M/snapshots/441fd5182f1298d7e39f34013ac0b905f8ff4429/vocab.json
[INFO|tokenization_utils_base.py:1773] 2022-12-19 08:31:02,694 >> loading file sentencepiece.bpe.model from cache at /home/jupyter/.cache/huggingface/hub/models--facebook--m2m100_418M/snapshots/441fd5182f1298d7e39f34013ac0b905f8ff4429/sentencepiece.bpe.model
[INFO|tokenization_utils_base.py:1773] 2022-12-19 08:31:02,694 >> loading file tokenizer_config.json from cache at /home/jupyter/.cache/huggingface/hub/models--facebook--m2m100_418M/snapshots/441fd5182f1298d7e39f34013ac0b905f8ff4429/tokenizer_config.json
[INFO|tokenization_utils_base.py:1773] 2022-12-19 08:31:02,694 >> loading file added_tokens.json from cache at None
[INFO|tokenization_utils_base.py:1773] 2022-12-19 08:31:02,694 >> loading file special_tokens_map.json from cache at /home/jupyter/.cache/huggingface/hub/models--facebook--m2m100_418M/snapshots/441fd5182f1298d7e39f34013ac0b905f8ff4429/special_tokens_map.json
[INFO|configuration_utils.py:653] 2022-12-19 08:31:02,694 >> loading configuration file config.json from cache at /home/jupyter/.cache/huggingface/hub/models--facebook--m2m100_418M/snapshots/441fd5182f1298d7e39f34013ac0b905f8ff4429/config.json
[INFO|configuration_utils.py:705] 2022-12-19 08:31:02,695 >> Model config M2M100Config {
  "_name_or_path": "facebook/m2m100_418M",
  "activation_dropout": 0.0,
  "activation_function": "relu",
  "architectures": [
    "M2M100ForConditionalGeneration"
  ],
  "attention_dropout": 0.1,
  "bos_token_id": 0,
  "d_model": 1024,
  "decoder_attention_heads": 16,
  "decoder_ffn_dim": 4096,
  "decoder_layerdrop": 0.05,
  "decoder_layers": 12,
  "decoder_start_token_id": 2,
  "dropout": 0.1,
  "early_stopping": true,
  "encoder_attention_heads": 16,
  "encoder_ffn_dim": 4096,
  "encoder_layerdrop": 0.05,
  "encoder_layers": 12,
  "eos_token_id": 2,
  "gradient_checkpointing": false,
  "init_std": 0.02,
  "is_encoder_decoder": true,
  "max_length": 200,
  "max_position_embeddings": 1024,
  "model_type": "m2m_100",
  "num_beams": 5,
  "num_hidden_layers": 12,
  "pad_token_id": 1,
  "scale_embedding": true,
  "transformers_version": "4.23.1",
  "use_cache": true,
  "vocab_size": 128112
}

[INFO|modeling_utils.py:2156] 2022-12-19 08:31:02,895 >> loading weights file pytorch_model.bin from cache at /home/jupyter/.cache/huggingface/hub/models--facebook--m2m100_418M/snapshots/441fd5182f1298d7e39f34013ac0b905f8ff4429/pytorch_model.bin
